Arguments: 
  /usr/local/bin/node /usr/local/bin/yarn add numeral --save

PATH: 
  /usr/local/bin:/usr/bin:/bin:/usr/sbin:/sbin:/usr/local/share/dotnet:/Library/Frameworks/Mono.framework/Versions/Current/Commands

Yarn version: 
  1.3.2

Node version: 
  6.11.5

Platform: 
  darwin x64

npm manifest: 
  {
    "private": true,
    "scripts": {
      "start": "roadhog server",
      "build": "roadhog build",
      "build:dll": "roadhog buildDll",
      "lint": "eslint --ext .js src test",
      "precommit": "npm run lint"
    },
    "engines": {
      "install-node": "6.11.1"
    },
    "dependencies": {
      "antd": "^3.0.1",
      "axios": "^0.17.0",
      "babel-polyfill": "^6.26.0",
      "babel-runtime": "^6.9.2",
      "classnames": "^2.2.5",
      "cross-env": "^5.1.1",
      "d3-shape": "^1.2.0",
      "dva": "^2.0.4",
      "dva-loading": "^1.0.3",
      "echarts": "^3.7.2",
      "echarts-for-react": "^2.0.0",
      "echarts-gl": "^1.0.0-beta.5",
      "echarts-liquidfill": "^1.1.0",
      "ejs-loader": "^0.3.0",
      "enquire.js": "^2.1.6",
      "highcharts-exporting": "^0.1.2",
      "highcharts-more": "^0.1.2",
      "history": "^4.7.2",
      "js-beautify": "^1.7.4",
      "jsonp": "^0.2.1",
      "less-vars-to-js": "^1.2.0",
      "lodash": "^4.17.4",
      "mockjs": "^1.0.1-beta3",
      "nprogress": "^0.2.0",
      "path-to-regexp": "^2.1.0",
      "prop-types": "^15.6.0",
      "qs": "^6.5.1",
      "query-string": "^5.0.1",
      "rc-tween-one": "^1.5.5",
      "react": "^15.4.0",
      "react-countup": "^3.0.0",
      "react-dom": "^15.4.0",
      "react-draft-wysiwyg": "^1.10.12",
      "react-helmet": "^5.2.0",
      "react-highcharts": "^13.0.0",
      "react-transition-group": "^2.2.1",
      "recharts": "^1.0.0-beta.0",
      "ticker": "^0.1.0"
    },
    "devDependencies": {
      "babel-eslint": "^7.1.1",
      "babel-plugin-dva-hmr": "^0.3.2",
      "babel-plugin-transform-runtime": "^6.9.0",
      "eslint": "^3.12.2",
      "eslint-config-airbnb": "^13.0.0",
      "eslint-plugin-import": "^2.2.0",
      "eslint-plugin-jsx-a11y": "^2.2.3",
      "eslint-plugin-react": "^6.8.0",
      "expect": "^1.20.2",
      "husky": "^0.12.0",
      "redbox-react": "^1.4.3",
      "roadhog": "^1.2.1"
    }
  }

yarn manifest: 
  No manifest

Lockfile: 
  No lockfile

Trace: 
  Error: ENOENT: no such file or directory, open '/Volumes/privateData/projiect/2017/11/sirui-yw-admin/node_modules/autoprefixer/node_modules/ansi-styles/index.js'
      at Error (native)
